# JRE version: OpenJDK Runtime Environment (17.0.9) (build 17.0.9+0--11185874)
# Java VM: OpenJDK 64-Bit Server VM (17.0.9+0--11185874, mixed mode, tiered, compressed oops, compressed class ptrs, g1 gc, windows-amd64)
GC Precious Log:
 CPUs: 6 total, 6 available
 Memory: 15741M
 Large Page Support: Disabled
 NUMA Support: Disabled
 Compressed Oops: Enabled (32-bit)
 Heap Region Size: 1M
 Heap Min Capacity: 8M
 Heap Initial Capacity: 246M
 Heap Max Capacity: 2G
 Pre-touch: Disabled
 Parallel Workers: 6
 Concurrent Workers: 2
 Concurrent Refinement Workers: 6
 Periodic GC: Disabled
Heap:
 garbage-first heap   total 363520K, used 165060K [0x0000000080000000, 0x0000000100000000)
  region size 1024K, 6 young (6144K), 6 survivors (6144K)
 Metaspace       used 168745K, committed 169792K, reserved 1245184K
  class space    used 23013K, committed 23488K, reserved 1048576K
GC Heap History (20 events):
Event: 24.958 GC heap after
{Heap after GC invocations=51 (full 0):
 garbage-first heap   total 363520K, used 205047K [0x0000000080000000, 0x0000000100000000)
  region size 1024K, 8 young (8192K), 8 survivors (8192K)
 Metaspace       used 119816K, committed 120640K, reserved 1179648K
  class space    used 16612K, committed 17024K, reserved 1048576K
}
Event: 25.211 GC heap before
{Heap before GC invocations=51 (full 0):
 garbage-first heap   total 363520K, used 215287K [0x0000000080000000, 0x0000000100000000)
  region size 1024K, 17 young (17408K), 8 survivors (8192K)
 Metaspace       used 120112K, committed 120960K, reserved 1179648K
  class space    used 16664K, committed 17088K, reserved 1048576K
}
Event: 25.219 GC heap after
{Heap after GC invocations=52 (full 0):
 garbage-first heap   total 363520K, used 172308K [0x0000000080000000, 0x0000000100000000)
  region size 1024K, 2 young (2048K), 2 survivors (2048K)
 Metaspace       used 120112K, committed 120960K, reserved 1179648K
  class space    used 16664K, committed 17088K, reserved 1048576K
}
Event: 25.420 GC heap before
{Heap before GC invocations=52 (full 0):
 garbage-first heap   total 363520K, used 186644K [0x0000000080000000, 0x0000000100000000)
  region size 1024K, 17 young (17408K), 2 survivors (2048K)
 Metaspace       used 120852K, committed 121664K, reserved 1179648K
  class space    used 16779K, committed 17152K, reserved 1048576K
}
Event: 25.430 GC heap after
{Heap after GC invocations=53 (full 0):
 garbage-first heap   total 363520K, used 146091K [0x0000000080000000, 0x0000000100000000)
  region size 1024K, 3 young (3072K), 3 survivors (3072K)
 Metaspace       used 120852K, committed 121664K, reserved 1179648K
  class space    used 16779K, committed 17152K, reserved 1048576K
}
Event: 25.511 GC heap before
{Heap before GC invocations=53 (full 0):
 garbage-first heap   total 363520K, used 159403K [0x0000000080000000, 0x0000000100000000)
  region size 1024K, 17 young (17408K), 3 survivors (3072K)
 Metaspace       used 121166K, committed 121984K, reserved 1179648K
  class space    used 16801K, committed 17216K, reserved 1048576K
}
Event: 25.522 GC heap after
{Heap after GC invocations=54 (full 0):
 garbage-first heap   total 363520K, used 149215K [0x0000000080000000, 0x0000000100000000)
  region size 1024K, 3 young (3072K), 3 survivors (3072K)
 Metaspace       used 121166K, committed 121984K, reserved 1179648K
  class space    used 16801K, committed 17216K, reserved 1048576K
}
Event: 26.699 GC heap before
{Heap before GC invocations=54 (full 0):
 garbage-first heap   total 363520K, used 275167K [0x0000000080000000, 0x0000000100000000)
  region size 1024K, 126 young (129024K), 3 survivors (3072K)
 Metaspace       used 126227K, committed 127104K, reserved 1179648K
  class space    used 17451K, committed 17856K, reserved 1048576K
}
Event: 26.706 GC heap after
{Heap after GC invocations=55 (full 0):
 garbage-first heap   total 363520K, used 153019K [0x0000000080000000, 0x0000000100000000)
  region size 1024K, 7 young (7168K), 7 survivors (7168K)
 Metaspace       used 126227K, committed 127104K, reserved 1179648K
  class space    used 17451K, committed 17856K, reserved 1048576K
}
Event: 210.828 GC heap before
{Heap before GC invocations=56 (full 0):
 garbage-first heap   total 363520K, used 324027K [0x0000000080000000, 0x0000000100000000)
  region size 1024K, 135 young (138240K), 7 survivors (7168K)
 Metaspace       used 134432K, committed 135488K, reserved 1179648K
  class space    used 18473K, committed 18944K, reserved 1048576K
}
Event: 210.838 GC heap after
{Heap after GC invocations=57 (full 0):
 garbage-first heap   total 363520K, used 165554K [0x0000000080000000, 0x0000000100000000)
  region size 1024K, 15 young (15360K), 15 survivors (15360K)
 Metaspace       used 134432K, committed 135488K, reserved 1179648K
  class space    used 18473K, committed 18944K, reserved 1048576K
}
Event: 210.865 GC heap before
{Heap before GC invocations=57 (full 0):
 garbage-first heap   total 363520K, used 167602K [0x0000000080000000, 0x0000000100000000)
  region size 1024K, 17 young (17408K), 15 survivors (15360K)
 Metaspace       used 134663K, committed 135680K, reserved 1179648K
  class space    used 18517K, committed 19008K, reserved 1048576K
}
Event: 210.873 GC heap after
{Heap after GC invocations=58 (full 0):
 garbage-first heap   total 363520K, used 143588K [0x0000000080000000, 0x0000000100000000)
  region size 1024K, 2 young (2048K), 2 survivors (2048K)
 Metaspace       used 134663K, committed 135680K, reserved 1179648K
  class space    used 18517K, committed 19008K, reserved 1048576K
}
Event: 212.252 GC heap before
{Heap before GC invocations=58 (full 0):
 garbage-first heap   total 363520K, used 250084K [0x0000000080000000, 0x0000000100000000)
  region size 1024K, 108 young (110592K), 2 survivors (2048K)
 Metaspace       used 148016K, committed 149056K, reserved 1179648K
  class space    used 20665K, committed 21120K, reserved 1048576K
}
Event: 212.265 GC heap after
{Heap after GC invocations=59 (full 0):
 garbage-first heap   total 363520K, used 147508K [0x0000000080000000, 0x0000000100000000)
  region size 1024K, 6 young (6144K), 6 survivors (6144K)
 Metaspace       used 148016K, committed 149056K, reserved 1179648K
  class space    used 20665K, committed 21120K, reserved 1048576K
}
Event: 213.573 GC heap before
{Heap before GC invocations=60 (full 0):
 garbage-first heap   total 363520K, used 302132K [0x0000000080000000, 0x0000000100000000)
  region size 1024K, 145 young (148480K), 6 survivors (6144K)
 Metaspace       used 156283K, committed 157440K, reserved 1245184K
  class space    used 21557K, committed 22080K, reserved 1048576K
}
Event: 213.593 GC heap after
{Heap after GC invocations=61 (full 0):
 garbage-first heap   total 363520K, used 175839K [0x0000000080000000, 0x0000000100000000)
  region size 1024K, 19 young (19456K), 19 survivors (19456K)
 Metaspace       used 156283K, committed 157440K, reserved 1245184K
  class space    used 21557K, committed 22080K, reserved 1048576K
}
Event: 213.602 GC heap before
{Heap before GC invocations=61 (full 0):
 garbage-first heap   total 363520K, used 175839K [0x0000000080000000, 0x0000000100000000)
  region size 1024K, 20 young (20480K), 19 survivors (19456K)
 Metaspace       used 156365K, committed 157504K, reserved 1245184K
  class space    used 21561K, committed 22080K, reserved 1048576K
}
Event: 213.615 GC heap after
{Heap after GC invocations=62 (full 0):
 garbage-first heap   total 363520K, used 162288K [0x0000000080000000, 0x0000000100000000)
  region size 1024K, 3 young (3072K), 3 survivors (3072K)
 Metaspace       used 156365K, committed 157504K, reserved 1245184K
  class space    used 21561K, committed 22080K, reserved 1048576K
}
Event: 214.830 GC heap before
{Heap before GC invocations=62 (full 0):
 garbage-first heap   total 363520K, used 265712K [0x0000000080000000, 0x0000000100000000)
  region size 1024K, 105 young (107520K), 3 survivors (3072K)
 Metaspace       used 168745K, committed 169792K, reserved 1245184K
  class space    used 23013K, committed 23488K, reserved 1048576K
}

